[31-Dec-2021 10:37:50] INFO: Application was started successfully
[31-Dec-2021 10:38:20] testing the module
[31-Dec-2021 12:00:50] WARNING: the module hasn't meet the dependency
[31-Dec-2021 10:37:50] application making the call to the rest api
[31-Dec-2021 15:28:00] ERROR: some error happened to the application1
[31-Dec-2021 15:28:50] this is an error in the application
[31-Dec-2021 17:37:50] this is testing the error
[31-Dec-2021 17:37:50] WARNING: the module hasn't meet the dependency
[31-Dec-2021 17:50:00] application making the call to the rest api
[31-Dec-2021 23:12:30] ERROR: some error happened to the application2
[31-Dec-2021 23:12:50] this is an error in the application
[31-Dec-2021 23:20:45] this is testing the error
[31-Dec-2021 23:37:50] INFO: Application was started successfully
[31-Dec-2021 23:37:50] testing the module
[01-Jan-2022 00:20:15] WARNING: the module hasn't meet the dependency
[01-Jan-2022 00:20:30] application making the call to the rest api
[01-Jan-2022 02:15:20] ERROR: some error happened to the application3
[01-Jan-2022 02:18:30] this is an error in the application
[02-Jan-2022 10:37:50] INFO: Application was started successfully
[02-Jan-2022 10:42:20] testing the module
[02-Jan-2022 15:29:50] WARNING: the module hasn't meet the dependency
[02-Jan-2022 23:37:30] application making the call to the rest api